\BOOKMARK [0][-]{chapter*.1}{List of Figures}{}% 1
\BOOKMARK [0][-]{chapter*.2}{List of Tables}{}% 2
\BOOKMARK [0][-]{chapter.1}{Implementation}{}% 3
\BOOKMARK [1][-]{section.1.1}{Assignment 1: PCA}{chapter.1}% 4
\BOOKMARK [1][-]{section.1.2}{Assignment 2: -Index}{chapter.1}% 5
\BOOKMARK [1][-]{section.1.3}{Assignment 3: LLE}{chapter.1}% 6
\BOOKMARK [0][-]{chapter.2}{Application}{}% 7
\BOOKMARK [1][-]{section.2.1}{Assignment 4: PCA}{chapter.2}% 8
\BOOKMARK [1][-]{section.2.2}{Assignment 5: Outlier Detection Using -Index}{chapter.2}% 9
\BOOKMARK [1][-]{section.2.3}{Assignment 6: LLE}{chapter.2}% 10
\BOOKMARK [1][-]{section.2.4}{Assignment 7: LLE With Noise}{chapter.2}% 11
\BOOKMARK [0][-]{chapter.3}{Backend Integration}{}% 12
\BOOKMARK [1][-]{section.3.1}{Problems}{chapter.3}% 13
\BOOKMARK [0][-]{chapter.4}{Frontend Integration}{}% 14
\BOOKMARK [0][-]{chapter.5}{Agent Framework Integration}{}% 15
\BOOKMARK [1][-]{section.5.1}{Problems}{chapter.5}% 16
\BOOKMARK [1][-]{section.5.2}{Solutions}{chapter.5}% 17
\BOOKMARK [1][-]{section.5.3}{Summary}{chapter.5}% 18
\BOOKMARK [0][-]{chapter.6}{Evaluation}{}% 19
\BOOKMARK [0][-]{chapter.7}{Conclusion and Future Work}{}% 20
\BOOKMARK [1][-]{section.7.1}{Summary}{chapter.7}% 21
\BOOKMARK [1][-]{section.7.2}{Conclusion}{chapter.7}% 22
\BOOKMARK [2][-]{subsection.7.2.1}{Good points}{section.7.2}% 23
\BOOKMARK [2][-]{subsection.7.2.2}{Drawbacks}{section.7.2}% 24
\BOOKMARK [0][-]{subsection.7.2.2}{Bibliography}{}% 25
\BOOKMARK [0][-]{chapter*.4}{Appendices}{}% 26
\BOOKMARK [1][-]{chapter*.5}{Appendix A: Abbreviations}{chapter*.4}% 27
\BOOKMARK [1][-]{section*.6}{Appendix B: LaTeX Help}{chapter*.4}% 28
